have_header: checking for unistd.h... -------------------- yes

"gcc -o conftest -I/home/orchid/.rvm/rubies/ruby-2.5.0/include/ruby-2.5.0/x86_64-linux -I/home/orchid/.rvm/rubies/ruby-2.5.0/include/ruby-2.5.0/ruby/backward -I/home/orchid/.rvm/rubies/ruby-2.5.0/include/ruby-2.5.0 -I.    -O3 -ggdb3 -Wall -Wextra -Wno-unused-parameter -Wno-parentheses -Wno-long-long -Wno-missing-field-initializers -Wno-tautological-compare -Wno-parentheses-equality -Wno-constant-logical-operand -Wno-self-assign -Wunused-variable -Wimplicit-int -Wpointer-arith -Wwrite-strings -Wdeclaration-after-statement -Wimplicit-function-declaration -Wdeprecated-declarations -Wno-packed-bitfield-compat -Wsuggest-attribute=noreturn -Wsuggest-attribute=format  -fPIC conftest.c  -L. -L/home/orchid/.rvm/rubies/ruby-2.5.0/lib -Wl,-rpath,/home/orchid/.rvm/rubies/ruby-2.5.0/lib -L. -fstack-protector -rdynamic -Wl,-export-dynamic     -Wl,-rpath,/home/orchid/.rvm/rubies/ruby-2.5.0/lib -L/home/orchid/.rvm/rubies/ruby-2.5.0/lib -lruby  -lpthread -ldl -lcrypt -lm   -lc"
checked program was:
/* begin */
1: #include "ruby.h"
2: 
3: int main(int argc, char **argv)
4: {
5:   return 0;
6: }
/* end */

"gcc -E -I/home/orchid/.rvm/rubies/ruby-2.5.0/include/ruby-2.5.0/x86_64-linux -I/home/orchid/.rvm/rubies/ruby-2.5.0/include/ruby-2.5.0/ruby/backward -I/home/orchid/.rvm/rubies/ruby-2.5.0/include/ruby-2.5.0 -I.    -O3 -ggdb3 -Wall -Wextra -Wno-unused-parameter -Wno-parentheses -Wno-long-long -Wno-missing-field-initializers -Wno-tautological-compare -Wno-parentheses-equality -Wno-constant-logical-operand -Wno-self-assign -Wunused-variable -Wimplicit-int -Wpointer-arith -Wwrite-strings -Wdeclaration-after-statement -Wimplicit-function-declaration -Wdeprecated-declarations -Wno-packed-bitfield-compat -Wsuggest-attribute=noreturn -Wsuggest-attribute=format  -fPIC  conftest.c -o conftest.i"
checked program was:
/* begin */
1: #include "ruby.h"
2: 
3: #include <unistd.h>
/* end */

--------------------

have_header: checking for sys/select.h... -------------------- yes

"gcc -E -I/home/orchid/.rvm/rubies/ruby-2.5.0/include/ruby-2.5.0/x86_64-linux -I/home/orchid/.rvm/rubies/ruby-2.5.0/include/ruby-2.5.0/ruby/backward -I/home/orchid/.rvm/rubies/ruby-2.5.0/include/ruby-2.5.0 -I.    -O3 -ggdb3 -Wall -Wextra -Wno-unused-parameter -Wno-parentheses -Wno-long-long -Wno-missing-field-initializers -Wno-tautological-compare -Wno-parentheses-equality -Wno-constant-logical-operand -Wno-self-assign -Wunused-variable -Wimplicit-int -Wpointer-arith -Wwrite-strings -Wdeclaration-after-statement -Wimplicit-function-declaration -Wdeprecated-declarations -Wno-packed-bitfield-compat -Wsuggest-attribute=noreturn -Wsuggest-attribute=format  -fPIC  conftest.c -o conftest.i"
checked program was:
/* begin */
1: #include "ruby.h"
2: 
3: #include <sys/select.h>
/* end */

--------------------

have_type: checking for port_event_t in poll.h... -------------------- no

"gcc -I/home/orchid/.rvm/rubies/ruby-2.5.0/include/ruby-2.5.0/x86_64-linux -I/home/orchid/.rvm/rubies/ruby-2.5.0/include/ruby-2.5.0/ruby/backward -I/home/orchid/.rvm/rubies/ruby-2.5.0/include/ruby-2.5.0 -I.    -O3 -ggdb3 -Wall -Wextra -Wno-unused-parameter -Wno-parentheses -Wno-long-long -Wno-missing-field-initializers -Wno-tautological-compare -Wno-parentheses-equality -Wno-constant-logical-operand -Wno-self-assign -Wunused-variable -Wimplicit-int -Wpointer-arith -Wwrite-strings -Wdeclaration-after-statement -Wimplicit-function-declaration -Wdeprecated-declarations -Wno-packed-bitfield-compat -Wsuggest-attribute=noreturn -Wsuggest-attribute=format  -fPIC   -c conftest.c"
conftest.c:6:1: 错误：未知的类型名‘port_event_t’
 typedef port_event_t conftest_type;
 ^
cc1: 警告：无法识别的命令行选项“-Wno-self-assign” [默认启用]
cc1: 警告：无法识别的命令行选项“-Wno-constant-logical-operand” [默认启用]
cc1: 警告：无法识别的命令行选项“-Wno-parentheses-equality” [默认启用]
cc1: 警告：无法识别的命令行选项“-Wno-tautological-compare” [默认启用]
checked program was:
/* begin */
1: #include "ruby.h"
2: 
3: #include <poll.h>
4: 
5: /*top*/
6: typedef port_event_t conftest_type;
7: int conftestval[sizeof(conftest_type)?1:-1];
/* end */

--------------------

have_header: checking for sys/epoll.h... -------------------- yes

"gcc -E -I/home/orchid/.rvm/rubies/ruby-2.5.0/include/ruby-2.5.0/x86_64-linux -I/home/orchid/.rvm/rubies/ruby-2.5.0/include/ruby-2.5.0/ruby/backward -I/home/orchid/.rvm/rubies/ruby-2.5.0/include/ruby-2.5.0 -I.    -O3 -ggdb3 -Wall -Wextra -Wno-unused-parameter -Wno-parentheses -Wno-long-long -Wno-missing-field-initializers -Wno-tautological-compare -Wno-parentheses-equality -Wno-constant-logical-operand -Wno-self-assign -Wunused-variable -Wimplicit-int -Wpointer-arith -Wwrite-strings -Wdeclaration-after-statement -Wimplicit-function-declaration -Wdeprecated-declarations -Wno-packed-bitfield-compat -Wsuggest-attribute=noreturn -Wsuggest-attribute=format  -fPIC  conftest.c -o conftest.i"
checked program was:
/* begin */
1: #include "ruby.h"
2: 
3: #include <sys/epoll.h>
/* end */

--------------------

have_header: checking for sys/event.h... -------------------- no

"gcc -E -I/home/orchid/.rvm/rubies/ruby-2.5.0/include/ruby-2.5.0/x86_64-linux -I/home/orchid/.rvm/rubies/ruby-2.5.0/include/ruby-2.5.0/ruby/backward -I/home/orchid/.rvm/rubies/ruby-2.5.0/include/ruby-2.5.0 -I.    -O3 -ggdb3 -Wall -Wextra -Wno-unused-parameter -Wno-parentheses -Wno-long-long -Wno-missing-field-initializers -Wno-tautological-compare -Wno-parentheses-equality -Wno-constant-logical-operand -Wno-self-assign -Wunused-variable -Wimplicit-int -Wpointer-arith -Wwrite-strings -Wdeclaration-after-statement -Wimplicit-function-declaration -Wdeprecated-declarations -Wno-packed-bitfield-compat -Wsuggest-attribute=noreturn -Wsuggest-attribute=format  -fPIC  conftest.c -o conftest.i"
conftest.c:3:23: 致命错误：sys/event.h：没有那个文件或目录
 #include <sys/event.h>
                       ^
编译中断。
checked program was:
/* begin */
1: #include "ruby.h"
2: 
3: #include <sys/event.h>
/* end */

--------------------

have_type: checking for port_event_t in port.h... -------------------- no

"gcc -I/home/orchid/.rvm/rubies/ruby-2.5.0/include/ruby-2.5.0/x86_64-linux -I/home/orchid/.rvm/rubies/ruby-2.5.0/include/ruby-2.5.0/ruby/backward -I/home/orchid/.rvm/rubies/ruby-2.5.0/include/ruby-2.5.0 -I.    -O3 -ggdb3 -Wall -Wextra -Wno-unused-parameter -Wno-parentheses -Wno-long-long -Wno-missing-field-initializers -Wno-tautological-compare -Wno-parentheses-equality -Wno-constant-logical-operand -Wno-self-assign -Wunused-variable -Wimplicit-int -Wpointer-arith -Wwrite-strings -Wdeclaration-after-statement -Wimplicit-function-declaration -Wdeprecated-declarations -Wno-packed-bitfield-compat -Wsuggest-attribute=noreturn -Wsuggest-attribute=format  -fPIC   -c conftest.c"
conftest.c:3:18: 致命错误：port.h：没有那个文件或目录
 #include <port.h>
                  ^
编译中断。
checked program was:
/* begin */
1: #include "ruby.h"
2: 
3: #include <port.h>
4: 
5: /*top*/
6: typedef port_event_t conftest_type;
7: int conftestval[sizeof(conftest_type)?1:-1];
/* end */

--------------------

have_header: checking for sys/resource.h... -------------------- yes

"gcc -E -I/home/orchid/.rvm/rubies/ruby-2.5.0/include/ruby-2.5.0/x86_64-linux -I/home/orchid/.rvm/rubies/ruby-2.5.0/include/ruby-2.5.0/ruby/backward -I/home/orchid/.rvm/rubies/ruby-2.5.0/include/ruby-2.5.0 -I.    -O3 -ggdb3 -Wall -Wextra -Wno-unused-parameter -Wno-parentheses -Wno-long-long -Wno-missing-field-initializers -Wno-tautological-compare -Wno-parentheses-equality -Wno-constant-logical-operand -Wno-self-assign -Wunused-variable -Wimplicit-int -Wpointer-arith -Wwrite-strings -Wdeclaration-after-statement -Wimplicit-function-declaration -Wdeprecated-declarations -Wno-packed-bitfield-compat -Wsuggest-attribute=noreturn -Wsuggest-attribute=format  -fPIC  conftest.c -o conftest.i"
checked program was:
/* begin */
1: #include "ruby.h"
2: 
3: #include <sys/resource.h>
/* end */

--------------------

