[2019-04-10 05:56:25] __rvm_make
__rvm_make () 
{ 
    \make "$@" || return $?
}
current path: /home/orchid/.rvm/src/ruby-2.5.0
PATH=/usr/local/bin:/usr/bin:/usr/local/sbin:/usr/sbin:/home/orchid/.local/bin:/home/orchid/bin:/home/orchid/.rvm/bin
command(2): __rvm_make -j2
++ make -j2
	CC = gcc
	LD = ld
	LDSHARED = gcc -shared
	CFLAGS = -O3 -ggdb3 -Wall -Wextra -Wno-unused-parameter -Wno-parentheses -Wno-long-long -Wno-missing-field-initializers -Wno-tautological-compare -Wno-parentheses-equality -Wno-constant-logical-operand -Wno-self-assign -Wunused-variable -Wimplicit-int -Wpointer-arith -Wwrite-strings -Wdeclaration-after-statement -Wimplicit-function-declaration -Wdeprecated-declarations -Wno-packed-bitfield-compat -Wsuggest-attribute=noreturn -Wsuggest-attribute=format -std=gnu99  -fPIC 
	XCFLAGS = -D_FORTIFY_SOURCE=2 -fstack-protector -fno-strict-overflow -fvisibility=hidden -fexcess-precision=standard -DRUBY_EXPORT
	CPPFLAGS =   -I. -I.ext/include/x86_64-linux -I./include -I. -I./enc/unicode/10.0.0
	DLDFLAGS = -Wl,--compress-debug-sections=zlib -Wl,-soname,libruby.so.2.5  -fstack-protector  
	SOLIBS = -lpthread -ldl -lcrypt -lm  
	LANG = zh_CN.UTF-8
	LC_ALL = 
	LC_CTYPE = 
gcc (GCC) 4.8.5 20150623 (Red Hat 4.8.5-36)
Copyright © 2015 Free Software Foundation, Inc.
本程序是自由软件；请参看源代码的版权声明。本软件没有任何担保；
包括没有适销性和某一专用目的下的适用性担保。
compiling ./main.c
compiling dmydln.c
compiling miniinit.c
compiling dmyext.c
generating miniprelude.c
executable host ruby is required. use --with-baseruby option.
make: *** [miniprelude.c] 错误 1
make: *** 正在等待未完成的任务....
++ return 2
