current directory: /home/orchid/orchid_wine/shared/bundle/ruby/2.5.0/gems/rucaptcha-2.4.0/ext/rucaptcha
/home/orchid/.rvm/rubies/ruby-2.5.0/bin/ruby -I /home/orchid/.rvm/rubies/ruby-2.5.0/lib/ruby/site_ruby/2.5.0 -r ./siteconf20190410-28791-12swwbf.rb extconf.rb
creating Makefile

current directory: /home/orchid/orchid_wine/shared/bundle/ruby/2.5.0/gems/rucaptcha-2.4.0/ext/rucaptcha
make "DESTDIR=" clean

current directory: /home/orchid/orchid_wine/shared/bundle/ruby/2.5.0/gems/rucaptcha-2.4.0/ext/rucaptcha
make "DESTDIR="
compiling rucaptcha.c
In file included from rucaptcha.c:14:0:
colors.h:22:3: 警告：initialization discards ‘const’ qualifier from pointer target type [默认启用]
   "\xff\xff\xff" "," "\0\0\0\0" "\xc8\0\x46\0" "\0" "\x04",
   ^
colors.h:41:3: 警告：initialization discards ‘const’ qualifier from pointer target type [默认启用]
   "\xff\xff\xff" "," "\0\0\0\0" "\xc8\0\x46\0" "\0" "\x04",
   ^
colors.h:60:3: 警告：initialization discards ‘const’ qualifier from pointer target type [默认启用]
   "\xff\xff\xff" "," "\0\0\0\0" "\xc8\0\x46\0" "\0" "\x04",
   ^
colors.h:79:3: 警告：initialization discards ‘const’ qualifier from pointer target type [默认启用]
   "\xff\xff\xff" "," "\0\0\0\0" "\xc8\0\x46\0" "\0" "\x04",
   ^
colors.h:98:3: 警告：initialization discards ‘const’ qualifier from pointer target type [默认启用]
   "\xff\xff\xff" "," "\0\0\0\0" "\xc8\0\x46\0" "\0" "\x04",
   ^
colors.h:118:1: 警告：initialization discards ‘const’ qualifier from pointer target type [默认启用]
 };
 ^
rucaptcha.c: 在函数‘makegif’中:
rucaptcha.c:24:3: 警告：ISO C90 不允许混合使用声明和代码 [-Wdeclaration-after-statement]
   int color_len = (int) sizeof(colors) / sizeof(colors[0]);
   ^
rucaptcha.c:31:3: 警告：ISO C90 不允许混合使用声明和代码 [-Wdeclaration-after-statement]
   int x,y;
   ^
rucaptcha.c: 在函数‘letter’中:
rucaptcha.c:75:5: 警告：ISO C90 不允许混合使用声明和代码 [-Wdeclaration-after-statement]
     int skew=sw[sk1]/16;
     ^
rucaptcha.c:79:5: 警告：ISO C90 不允许混合使用声明和代码 [-Wdeclaration-after-statement]
     int skewh=sw[sk2]/70;
     ^
rucaptcha.c:82:5: 警告：ISO C90 不允许混合使用声明和代码 [-Wdeclaration-after-statement]
     unsigned char *x=i+skew*200+skewh;
     ^
rucaptcha.c: 在函数‘line’中:
rucaptcha.c:100:5: 警告：ISO C90 不允许混合使用声明和代码 [-Wdeclaration-after-statement]
     int skew=sw[sk1]/20;
     ^
rucaptcha.c:102:5: 警告：ISO C90 不允许混合使用声明和代码 [-Wdeclaration-after-statement]
     unsigned char *i= im+(200*(45+skew)+x);
     ^
rucaptcha.c: 在函数‘filter’中:
rucaptcha.c:140:3: 警告：ISO C90 不允许混合使用声明和代码 [-Wdeclaration-after-statement]
   int x,y;
   ^
rucaptcha.c: 在函数‘captcha’中:
rucaptcha.c:165:3: 警告：ISO C90 不允许混合使用声明和代码 [-Wdeclaration-after-statement]
   int x;
   ^
rucaptcha.c:173:3: 警告：ISO C90 不允许混合使用声明和代码 [-Wdeclaration-after-statement]
   int p=30;
   ^
rucaptcha.c: 在函数‘create’中:
rucaptcha.c:231:3: 警告：传递‘captcha’的第 2 个参数给指针时，目标与指针符号不一致 [-Wpointer-sign]
   captcha(im, l, i_length, i_line, i_filter);
   ^
rucaptcha.c:156:6: 附注：需要类型‘unsigned char *’，但实参的类型为‘char *’
 void captcha(unsigned char im[70*200], unsigned char l[8], int length, int i_line, int i_filter) {
      ^
rucaptcha.c:234:3: 警告：ISO C90 不允许混合使用声明和代码 [-Wdeclaration-after-statement]
   VALUE result = rb_ary_new2(2);
   ^
rucaptcha.c:236:3: 警告：传递‘rb_str_new_static’的第 1 个参数给指针时，目标与指针符号不一致 [-Wpointer-sign]
   rb_ary_push(result, rb_str_new(gif, gifsize));
   ^
In file included from /home/orchid/.rvm/rubies/ruby-2.5.0/include/ruby-2.5.0/ruby/ruby.h:2036:0,
                 from /home/orchid/.rvm/rubies/ruby-2.5.0/include/ruby-2.5.0/ruby.h:33,
                 from rucaptcha.c:12:
/home/orchid/.rvm/rubies/ruby-2.5.0/include/ruby-2.5.0/ruby/intern.h:707:7: 附注：需要类型‘const char *’，但实参的类型为‘unsigned char *’
 VALUE rb_str_new_static(const char *, long);
       ^
rucaptcha.c:236:3: 警告：传递‘rb_str_new’的第 1 个参数给指针时，目标与指针符号不一致 [-Wpointer-sign]
   rb_ary_push(result, rb_str_new(gif, gifsize));
   ^
In file included from /home/orchid/.rvm/rubies/ruby-2.5.0/include/ruby-2.5.0/ruby/ruby.h:2036:0,
                 from /home/orchid/.rvm/rubies/ruby-2.5.0/include/ruby-2.5.0/ruby.h:33,
                 from rucaptcha.c:12:
/home/orchid/.rvm/rubies/ruby-2.5.0/include/ruby-2.5.0/ruby/intern.h:686:7: 附注：需要类型‘const char *’，但实参的类型为‘unsigned char *’
 VALUE rb_str_new(const char*, long);
       ^
In file included from rucaptcha.c:13:0:
rucaptcha.c: 在文件作用域：
font.h:5:15: 警告：‘lt4’定义后未使用 [-Wunused-variable]
 static int8_t lt4[]={-100,-100,-100,-100,-100,-100,-100,-100,-100,-100,-100,-100,-100,-100,-100,-100,-100,-7,13,5,1,1,0,1,3,9,13,-100,-6,5,0,0,0,0,0,0,0,0,0,9,-100,-4,11,1,0,0,3,11,-1,13,7,1,0,0,0,9,-100,-3,9,0,0,0,1,13,-5,3,0,0,1,-100,-2,9,0,0,0,0,13,-6,11,0,0,0,9,-100,-1,13,0,0,0,0,9,-8,0,0,0,1,-100,-1,5,0,0,0,0,13,-8,3,0,0,0,11,-100,-1,0,0,0,0,0,-8,13,1,0,0,0,5,-100,9,0,0,0,0,0,3,11,-4,13,11,1,0,0,0,0,1,-100,5,0,0,0,0,0,0,0,0,0,0,0,0,0,0,0,0,0,0,0,-100,3,0,0,0,0,0,0,0,0,0,0,0,0,0,0,0,0,0,0,3,-100,1,0,0,0,1,13,-100,0,0,0,0,11,-100,0,0,0,0,11,-100,1,0,0,0,9,-100,3,0,0,0,7,-100,7,0,0,0,5,-100,13,0,0,0,0,11,-100,-1,5,0,0,0,1,13,-100,-1,13,1,0,0,0,1,13,-10,13,11,-100,-2,11,0,0,0,0,1,13,-8,13,1,1,-100,-3,11,0,0,0,0,0,7,13,-4,11,7,0,0,9,-100,-4,11,1,0,0,0,0,0,1,1,1,0,0,0,0,7,-100,-5,13,5,0,0,0,0,0,0,0,0,0,1,9,-100,-7,13,7,3,0,0,0,1,5,9,-100,-100,-100,-100,-100,-100,-100,-100,-100,-101};
               ^
In file included from rucaptcha.c:13:0:
font.h:7:15: 警告：‘lt6’定义后未使用 [-Wunused-variable]
 static int8_t lt6[]={-100,-100,-100,-100,-100,-100,-100,-100,-100,-100,-100,-100,-100,-100,-100,-100,-100,-7,11,7,3,1,0,0,1,3,7,13,-4,13,7,5,7,11,-100,-5,11,3,0,0,0,0,0,0,0,0,0,0,5,13,13,5,0,0,0,0,0,-100,-4,9,0,0,0,5,13,-1,13,9,3,0,0,0,0,0,0,0,0,0,0,0,1,-100,-3,11,0,0,0,5,-6,5,0,0,0,0,0,11,13,9,3,0,9,-100,-2,13,0,0,0,0,13,-7,1,0,0,0,0,13,-100,-2,1,0,0,0,7,-8,7,0,0,0,0,7,-100,-2,0,0,0,0,9,-8,11,0,0,0,0,3,-100,-2,0,0,0,0,11,-9,0,0,0,0,1,-100,-2,0,0,0,0,11,-9,0,0,0,0,0,-100,-2,0,0,0,0,9,-8,13,0,0,0,0,1,-100,-2,3,0,0,0,5,-8,9,0,0,0,0,7,-100,-2,13,1,0,0,0,13,-7,5,0,0,0,0,13,-100,-3,11,0,0,0,3,13,-5,7,0,0,0,0,11,-100,-4,7,0,0,0,1,9,13,-1,13,7,0,0,0,1,11,-100,-4,13,0,0,0,0,0,0,0,0,0,0,0,5,13,-100,-4,13,0,0,0,0,0,0,1,3,5,9,-100,-2,13,5,0,11,-100,-1,13,1,0,0,-100,-1,3,0,0,0,1,7,13,-100,-1,0,0,0,0,0,0,0,1,3,7,9,11,13,-100,-1,5,0,0,0,0,0,0,0,0,0,0,0,0,0,1,3,5,11,-100,-2,11,7,1,0,0,0,0,0,0,0,0,0,0,0,0,0,0,1,11,-100,-4,13,0,0,0,0,0,0,0,0,0,0,0,0,0,0,0,0,9,-100,-3,9,1,0,3,9,13,13,11,7,3,0,0,0,0,0,0,0,0,0,13,-100,-1,7,1,0,0,9,-8,11,7,3,0,0,0,0,0,5,-100,9,0,0,0,3,-13,11,1,0,0,1,-100,1,0,0,0,9,-15,0,0,0,-100,0,0,0,0,9,-14,13,0,0,1,-100,3,0,0,0,1,-14,7,0,0,5,-100,11,0,0,0,0,5,-12,11,0,0,0,13,-100,-1,11,1,0,0,0,1,7,11,13,-1,13,13,11,9,5,3,1,0,0,3,13,-100,-3,9,3,0,0,0,0,0,0,0,0,0,0,0,0,0,1,9,-100,-6,9,7,3,1,1,0,0,1,1,3,7,11,-100,-101};
               ^
rucaptcha.c:107:13: 警告：‘dots’定义后未使用 [-Wunused-function]
 static void dots(unsigned char im[70*200]) {
             ^
cc1: 警告：无法识别的命令行选项“-Wno-self-assign” [默认启用]
cc1: 警告：无法识别的命令行选项“-Wno-constant-logical-operand” [默认启用]
cc1: 警告：无法识别的命令行选项“-Wno-parentheses-equality” [默认启用]
cc1: 警告：无法识别的命令行选项“-Wno-tautological-compare” [默认启用]
linking shared-object rucaptcha/rucaptcha.so

current directory: /home/orchid/orchid_wine/shared/bundle/ruby/2.5.0/gems/rucaptcha-2.4.0/ext/rucaptcha
make "DESTDIR=" install
/usr/bin/install -c -m 0755 rucaptcha.so ./.gem.20190410-28791-1bwdlcr/rucaptcha
