have_library: checking for BIO_read() in -lcrypto... -------------------- yes

"gcc -o conftest -I/home/orchid/.rvm/rubies/ruby-2.5.0/include/ruby-2.5.0/x86_64-linux -I/home/orchid/.rvm/rubies/ruby-2.5.0/include/ruby-2.5.0/ruby/backward -I/home/orchid/.rvm/rubies/ruby-2.5.0/include/ruby-2.5.0 -I.    -O3 -ggdb3 -Wall -Wextra -Wno-unused-parameter -Wno-parentheses -Wno-long-long -Wno-missing-field-initializers -Wno-tautological-compare -Wno-parentheses-equality -Wno-constant-logical-operand -Wno-self-assign -Wunused-variable -Wimplicit-int -Wpointer-arith -Wwrite-strings -Wdeclaration-after-statement -Wimplicit-function-declaration -Wdeprecated-declarations -Wno-packed-bitfield-compat -Wsuggest-attribute=noreturn -Wsuggest-attribute=format  -fPIC conftest.c  -L. -L/home/orchid/.rvm/rubies/ruby-2.5.0/lib -Wl,-rpath,/home/orchid/.rvm/rubies/ruby-2.5.0/lib -L. -fstack-protector -rdynamic -Wl,-export-dynamic     -Wl,-rpath,/home/orchid/.rvm/rubies/ruby-2.5.0/lib -L/home/orchid/.rvm/rubies/ruby-2.5.0/lib -lruby  -lpthread -ldl -lcrypt -lm   -lc"
checked program was:
/* begin */
1: #include "ruby.h"
2: 
3: int main(int argc, char **argv)
4: {
5:   return 0;
6: }
/* end */

"gcc -o conftest -I/home/orchid/.rvm/rubies/ruby-2.5.0/include/ruby-2.5.0/x86_64-linux -I/home/orchid/.rvm/rubies/ruby-2.5.0/include/ruby-2.5.0/ruby/backward -I/home/orchid/.rvm/rubies/ruby-2.5.0/include/ruby-2.5.0 -I.    -O3 -ggdb3 -Wall -Wextra -Wno-unused-parameter -Wno-parentheses -Wno-long-long -Wno-missing-field-initializers -Wno-tautological-compare -Wno-parentheses-equality -Wno-constant-logical-operand -Wno-self-assign -Wunused-variable -Wimplicit-int -Wpointer-arith -Wwrite-strings -Wdeclaration-after-statement -Wimplicit-function-declaration -Wdeprecated-declarations -Wno-packed-bitfield-compat -Wsuggest-attribute=noreturn -Wsuggest-attribute=format  -fPIC conftest.c  -L. -L/home/orchid/.rvm/rubies/ruby-2.5.0/lib -Wl,-rpath,/home/orchid/.rvm/rubies/ruby-2.5.0/lib -L. -fstack-protector -rdynamic -Wl,-export-dynamic     -Wl,-rpath,/home/orchid/.rvm/rubies/ruby-2.5.0/lib -L/home/orchid/.rvm/rubies/ruby-2.5.0/lib -lruby -lcrypto  -lpthread -ldl -lcrypt -lm   -lc"
conftest.c: 在函数‘t’中:
conftest.c:13:57: 错误：‘BIO_read’未声明(在此函数内第一次使用)
 int t(void) { void ((*volatile p)()); p = (void ((*)()))BIO_read; return !p; }
                                                         ^
conftest.c:13:57: 附注：每个未声明的标识符在其出现的函数内只报告一次
conftest.c: 在文件作用域：
cc1: 警告：无法识别的命令行选项“-Wno-self-assign” [默认启用]
cc1: 警告：无法识别的命令行选项“-Wno-constant-logical-operand” [默认启用]
cc1: 警告：无法识别的命令行选项“-Wno-parentheses-equality” [默认启用]
cc1: 警告：无法识别的命令行选项“-Wno-tautological-compare” [默认启用]
checked program was:
/* begin */
 1: #include "ruby.h"
 2: 
 3: /*top*/
 4: extern int t(void);
 5: int main(int argc, char **argv)
 6: {
 7:   if (argc > 1000000) {
 8:     printf("%p", &t);
 9:   }
10: 
11:   return 0;
12: }
13: int t(void) { void ((*volatile p)()); p = (void ((*)()))BIO_read; return !p; }
/* end */

"gcc -o conftest -I/home/orchid/.rvm/rubies/ruby-2.5.0/include/ruby-2.5.0/x86_64-linux -I/home/orchid/.rvm/rubies/ruby-2.5.0/include/ruby-2.5.0/ruby/backward -I/home/orchid/.rvm/rubies/ruby-2.5.0/include/ruby-2.5.0 -I.    -O3 -ggdb3 -Wall -Wextra -Wno-unused-parameter -Wno-parentheses -Wno-long-long -Wno-missing-field-initializers -Wno-tautological-compare -Wno-parentheses-equality -Wno-constant-logical-operand -Wno-self-assign -Wunused-variable -Wimplicit-int -Wpointer-arith -Wwrite-strings -Wdeclaration-after-statement -Wimplicit-function-declaration -Wdeprecated-declarations -Wno-packed-bitfield-compat -Wsuggest-attribute=noreturn -Wsuggest-attribute=format  -fPIC conftest.c  -L. -L/home/orchid/.rvm/rubies/ruby-2.5.0/lib -Wl,-rpath,/home/orchid/.rvm/rubies/ruby-2.5.0/lib -L. -fstack-protector -rdynamic -Wl,-export-dynamic     -Wl,-rpath,/home/orchid/.rvm/rubies/ruby-2.5.0/lib -L/home/orchid/.rvm/rubies/ruby-2.5.0/lib -lruby -lcrypto  -lpthread -ldl -lcrypt -lm   -lc"
checked program was:
/* begin */
 1: #include "ruby.h"
 2: 
 3: /*top*/
 4: extern int t(void);
 5: int main(int argc, char **argv)
 6: {
 7:   if (argc > 1000000) {
 8:     printf("%p", &t);
 9:   }
10: 
11:   return 0;
12: }
13: extern void BIO_read();
14: int t(void) { BIO_read(); return 0; }
/* end */

--------------------

have_library: checking for SSL_CTX_new() in -lssl... -------------------- yes

"gcc -o conftest -I/home/orchid/.rvm/rubies/ruby-2.5.0/include/ruby-2.5.0/x86_64-linux -I/home/orchid/.rvm/rubies/ruby-2.5.0/include/ruby-2.5.0/ruby/backward -I/home/orchid/.rvm/rubies/ruby-2.5.0/include/ruby-2.5.0 -I.    -O3 -ggdb3 -Wall -Wextra -Wno-unused-parameter -Wno-parentheses -Wno-long-long -Wno-missing-field-initializers -Wno-tautological-compare -Wno-parentheses-equality -Wno-constant-logical-operand -Wno-self-assign -Wunused-variable -Wimplicit-int -Wpointer-arith -Wwrite-strings -Wdeclaration-after-statement -Wimplicit-function-declaration -Wdeprecated-declarations -Wno-packed-bitfield-compat -Wsuggest-attribute=noreturn -Wsuggest-attribute=format  -fPIC conftest.c  -L. -L/home/orchid/.rvm/rubies/ruby-2.5.0/lib -Wl,-rpath,/home/orchid/.rvm/rubies/ruby-2.5.0/lib -L. -fstack-protector -rdynamic -Wl,-export-dynamic    -lcrypto  -Wl,-rpath,/home/orchid/.rvm/rubies/ruby-2.5.0/lib -L/home/orchid/.rvm/rubies/ruby-2.5.0/lib -lruby -lssl -lcrypto  -lpthread -ldl -lcrypt -lm   -lc"
conftest.c: 在函数‘t’中:
conftest.c:13:57: 错误：‘SSL_CTX_new’未声明(在此函数内第一次使用)
 int t(void) { void ((*volatile p)()); p = (void ((*)()))SSL_CTX_new; return !p; }
                                                         ^
conftest.c:13:57: 附注：每个未声明的标识符在其出现的函数内只报告一次
conftest.c: 在文件作用域：
cc1: 警告：无法识别的命令行选项“-Wno-self-assign” [默认启用]
cc1: 警告：无法识别的命令行选项“-Wno-constant-logical-operand” [默认启用]
cc1: 警告：无法识别的命令行选项“-Wno-parentheses-equality” [默认启用]
cc1: 警告：无法识别的命令行选项“-Wno-tautological-compare” [默认启用]
checked program was:
/* begin */
 1: #include "ruby.h"
 2: 
 3: /*top*/
 4: extern int t(void);
 5: int main(int argc, char **argv)
 6: {
 7:   if (argc > 1000000) {
 8:     printf("%p", &t);
 9:   }
10: 
11:   return 0;
12: }
13: int t(void) { void ((*volatile p)()); p = (void ((*)()))SSL_CTX_new; return !p; }
/* end */

"gcc -o conftest -I/home/orchid/.rvm/rubies/ruby-2.5.0/include/ruby-2.5.0/x86_64-linux -I/home/orchid/.rvm/rubies/ruby-2.5.0/include/ruby-2.5.0/ruby/backward -I/home/orchid/.rvm/rubies/ruby-2.5.0/include/ruby-2.5.0 -I.    -O3 -ggdb3 -Wall -Wextra -Wno-unused-parameter -Wno-parentheses -Wno-long-long -Wno-missing-field-initializers -Wno-tautological-compare -Wno-parentheses-equality -Wno-constant-logical-operand -Wno-self-assign -Wunused-variable -Wimplicit-int -Wpointer-arith -Wwrite-strings -Wdeclaration-after-statement -Wimplicit-function-declaration -Wdeprecated-declarations -Wno-packed-bitfield-compat -Wsuggest-attribute=noreturn -Wsuggest-attribute=format  -fPIC conftest.c  -L. -L/home/orchid/.rvm/rubies/ruby-2.5.0/lib -Wl,-rpath,/home/orchid/.rvm/rubies/ruby-2.5.0/lib -L. -fstack-protector -rdynamic -Wl,-export-dynamic    -lcrypto  -Wl,-rpath,/home/orchid/.rvm/rubies/ruby-2.5.0/lib -L/home/orchid/.rvm/rubies/ruby-2.5.0/lib -lruby -lssl -lcrypto  -lpthread -ldl -lcrypt -lm   -lc"
checked program was:
/* begin */
 1: #include "ruby.h"
 2: 
 3: /*top*/
 4: extern int t(void);
 5: int main(int argc, char **argv)
 6: {
 7:   if (argc > 1000000) {
 8:     printf("%p", &t);
 9:   }
10: 
11:   return 0;
12: }
13: extern void SSL_CTX_new();
14: int t(void) { SSL_CTX_new(); return 0; }
/* end */

--------------------

have_header: checking for openssl/bio.h... -------------------- yes

"gcc -E -I/home/orchid/.rvm/rubies/ruby-2.5.0/include/ruby-2.5.0/x86_64-linux -I/home/orchid/.rvm/rubies/ruby-2.5.0/include/ruby-2.5.0/ruby/backward -I/home/orchid/.rvm/rubies/ruby-2.5.0/include/ruby-2.5.0 -I.    -O3 -ggdb3 -Wall -Wextra -Wno-unused-parameter -Wno-parentheses -Wno-long-long -Wno-missing-field-initializers -Wno-tautological-compare -Wno-parentheses-equality -Wno-constant-logical-operand -Wno-self-assign -Wunused-variable -Wimplicit-int -Wpointer-arith -Wwrite-strings -Wdeclaration-after-statement -Wimplicit-function-declaration -Wdeprecated-declarations -Wno-packed-bitfield-compat -Wsuggest-attribute=noreturn -Wsuggest-attribute=format  -fPIC  conftest.c -o conftest.i"
checked program was:
/* begin */
1: #include "ruby.h"
2: 
3: #include <openssl/bio.h>
/* end */

--------------------

