[2019-04-10 06:01:19] __rvm_package_extract
__rvm_package_extract () 
{ 
    rvm_debug __rvm_package_extract:$#: "$@";
    \typeset __extract_src __extract_target __tempdir __path __file __return;
    __extract_src="$1";
    __extract_target="$2";
    shift 2;
    __return=0;
    __tempdir="$( TMPDIR="${rvm_tmp_path}" mktemp -d -t rvm-tmp.XXXXXXXXX )";
    __rvm_package_extract_run "$__extract_src" "$__tempdir" "$@" || __return=$?;
    if (( __return == 0 )); then
        for __path in "$__tempdir"/*;
        do
            __file="${__path##*/}";
            if [[ -n "${__file}" && -e "$__extract_target/${__file}" ]]; then
                \command \rm -rf "$__extract_target/${__file}" || __return=$?;
            fi;
            \command \mv -f "${__path}" "$__extract_target/" || __return=$?;
        done;
    fi;
    if [[ -n "$__tempdir" ]]; then
        \command \rm -rf "$__tempdir";
    fi;
    return $__return
}
current path: /home/orchid/.rvm/src
PATH=/usr/local/bin:/usr/bin:/usr/local/sbin:/usr/sbin:/home/orchid/.local/bin:/home/orchid/bin:/home/orchid/.rvm/bin
command(3): __rvm_package_extract /home/orchid/.rvm/archives/ruby-2.5.0.tar.bz2 /home/orchid/.rvm/tmp/rvm_src_23899
++ rvm_debug __rvm_package_extract:2: /home/orchid/.rvm/archives/ruby-2.5.0.tar.bz2 /home/orchid/.rvm/tmp/rvm_src_23899
++ ((  0  ))
++ return 0
++ typeset __extract_src __extract_target __tempdir __path __file __return
++ __extract_src=/home/orchid/.rvm/archives/ruby-2.5.0.tar.bz2
++ __extract_target=/home/orchid/.rvm/tmp/rvm_src_23899
++ shift 2
++ __return=0
+++ TMPDIR=/home/orchid/.rvm/tmp
+++ mktemp -d -t rvm-tmp.XXXXXXXXX
++ __tempdir=/home/orchid/.rvm/tmp/rvm-tmp.iiugXUF1a
++ __rvm_package_extract_run /home/orchid/.rvm/archives/ruby-2.5.0.tar.bz2 /home/orchid/.rvm/tmp/rvm-tmp.iiugXUF1a
++ typeset __extract_run_src __extract_run_target __exclude_elements
++ __extract_run_src=/home/orchid/.rvm/archives/ruby-2.5.0.tar.bz2
++ __extract_run_target=/home/orchid/.rvm/tmp/rvm-tmp.iiugXUF1a
++ shift 2
++ __exclude_elements=()
++ [[    != *\ \-\-\n\o\-\s\a\m\e\-\o\w\n\e\r\ * ]]
++ __rvm_grep -- --no-same-owner
++ __rvm_tar --help
++ GREP_OPTIONS=
++ command grep -- --no-same-owner
++ grep -- --no-same-owner
++ rvm_tar_options=--no-same-owner
++ [[ -d /home/orchid/.rvm/tmp/rvm-tmp.iiugXUF1a ]]
++ case "$__extract_run_src" in
++ __map_tar_excludes
++ typeset __exclude_element
++ [[ -n '' ]]
++ __rvm_tar -xjf /home/orchid/.rvm/archives/ruby-2.5.0.tar.bz2 -C /home/orchid/.rvm/tmp/rvm-tmp.iiugXUF1a --no-same-owner
++ tar -xjf /home/orchid/.rvm/archives/ruby-2.5.0.tar.bz2 -C /home/orchid/.rvm/tmp/rvm-tmp.iiugXUF1a --no-same-owner
++ __rvm_fix_group_permissions /home/orchid/.rvm/tmp/rvm-tmp.iiugXUF1a/ruby-2.5.0
++ umask -S
++ __rvm_grep g=rw
++ GREP_OPTIONS=
++ command grep g=rw
++ grep g=rw
++ chmod -R g+rwX /home/orchid/.rvm/tmp/rvm-tmp.iiugXUF1a/ruby-2.5.0
++ ((  __return == 0  ))
++ for __path in '"$__tempdir"/*'
++ __file=ruby-2.5.0
++ [[ -n ruby-2.5.0 ]]
++ [[ -e /home/orchid/.rvm/tmp/rvm_src_23899/ruby-2.5.0 ]]
++ command mv -f /home/orchid/.rvm/tmp/rvm-tmp.iiugXUF1a/ruby-2.5.0 /home/orchid/.rvm/tmp/rvm_src_23899/
++ mv -f /home/orchid/.rvm/tmp/rvm-tmp.iiugXUF1a/ruby-2.5.0 /home/orchid/.rvm/tmp/rvm_src_23899/
++ [[ -n /home/orchid/.rvm/tmp/rvm-tmp.iiugXUF1a ]]
++ command rm -rf /home/orchid/.rvm/tmp/rvm-tmp.iiugXUF1a
++ rm -rf /home/orchid/.rvm/tmp/rvm-tmp.iiugXUF1a
++ return 0
